2021-12-03 15:33:23 - INFO - "GET / HTTP/1.1" 200 1219
2021-12-03 15:33:23 - INFO - "GET /static/style.css HTTP/1.1" 200 648
2021-12-03 15:37:28 - INFO - "GET / HTTP/1.1" 200 1219
2021-12-03 15:37:28 - INFO - "GET /static/style.css HTTP/1.1" 304 0
2021-12-03 16:33:10 - INFO - "GET /todos HTTP/1.1" 200 433
2021-12-03 16:33:10 - INFO - "GET /todos/1 HTTP/1.1" 200 147
2021-12-03 16:33:10 - INFO - "GET /todos/2 HTTP/1.1" 200 139
2021-12-03 16:33:10 - INFO - "GET /todos/3 HTTP/1.1" 200 141
2021-12-03 16:33:10 - INFO - "GET /todos/2 HTTP/1.1" 200 139
2021-12-03 16:33:10 - INFO - "GET /todos/1 HTTP/1.1" 200 147
2021-12-03 16:33:10 - INFO - "GET /todos/ HTTP/1.1" 200 433
2021-12-03 16:43:36 - INFO - "POST /todos HTTP/1.1" 200 141
2021-12-03 16:43:36 - INFO - "GET /todos/ HTTP/1.1" 200 576
2021-12-03 16:48:32 - INFO - "PUT /todos/4 HTTP/1.1" 200 145
2021-12-03 16:48:32 - INFO - "GET /todos/ HTTP/1.1" 200 578
2021-12-03 16:52:32 - ERROR - AttributeError in 0 on line 0
2021-12-03 16:52:32 - ERROR - "DELETE /todos/4 HTTP/1.1" 500 1041211
2021-12-03 16:54:13 - INFO - "GET /todos/ HTTP/1.1" 200 578
2021-12-03 16:54:13 - INFO - "GET /todos/ HTTP/1.1" 200 578
2021-12-03 16:54:13 - INFO - "DELETE /todos/4 HTTP/1.1" 200 145
2021-12-03 16:54:13 - INFO - "GET /todos/ HTTP/1.1" 200 433
2021-12-03 16:54:13 - INFO - "GET /todos/ HTTP/1.1" 200 433
2021-12-03 16:54:13 - INFO - "GET /todos HTTP/1.1" 200 433
